  [1m[36m (106.1ms)[0m  [1mCREATE TABLE "schema_migrations" ("version" character varying NOT NULL) [0m
  [1m[35m (79.5ms)[0m  CREATE UNIQUE INDEX  "unique_schema_migrations" ON "schema_migrations"  ("version")
  [1m[36mActiveRecord::SchemaMigration Load (1.4ms)[0m  [1mSELECT "schema_migrations".* FROM "schema_migrations"[0m
Migrating to DeviseCreateUsers (20170414121106)
  [1m[35m (0.4ms)[0m  BEGIN
  [1m[36m (122.0ms)[0m  [1mCREATE TABLE "users" ("id" serial primary key, "full_name" character varying, "email" character varying DEFAULT '' NOT NULL, "encrypted_password" character varying DEFAULT '' NOT NULL, "reset_password_token" character varying, "reset_password_sent_at" timestamp, "remember_created_at" timestamp, "sign_in_count" integer DEFAULT 0 NOT NULL, "current_sign_in_at" timestamp, "last_sign_in_at" timestamp, "current_sign_in_ip" inet, "last_sign_in_ip" inet, "created_at" timestamp NOT NULL, "updated_at" timestamp NOT NULL) [0m
  [1m[35m (46.7ms)[0m  CREATE UNIQUE INDEX  "index_users_on_email" ON "users"  ("email")
  [1m[36m (37.6ms)[0m  [1mCREATE UNIQUE INDEX  "index_users_on_reset_password_token" ON "users"  ("reset_password_token")[0m
  [1m[35mSQL (0.9ms)[0m  INSERT INTO "schema_migrations" ("version") VALUES ($1)  [["version", "20170414121106"]]
  [1m[36m (19.9ms)[0m  [1mCOMMIT[0m
  [1m[35mActiveRecord::SchemaMigration Load (0.4ms)[0m  SELECT "schema_migrations".* FROM "schema_migrations"
  [1m[36m (9.0ms)[0m  [1mSELECT t2.oid::regclass::text AS to_table, a1.attname AS column, a2.attname AS primary_key, c.conname AS name, c.confupdtype AS on_update, c.confdeltype AS on_delete
FROM pg_constraint c
JOIN pg_class t1 ON c.conrelid = t1.oid
JOIN pg_class t2 ON c.confrelid = t2.oid
JOIN pg_attribute a1 ON a1.attnum = c.conkey[1] AND a1.attrelid = t1.oid
JOIN pg_attribute a2 ON a2.attnum = c.confkey[1] AND a2.attrelid = t2.oid
JOIN pg_namespace t3 ON c.connamespace = t3.oid
WHERE c.contype = 'f'
  AND t1.relname = 'users'
  AND t3.nspname = ANY (current_schemas(false))
ORDER BY c.conname
[0m
  [1m[36mActiveRecord::SchemaMigration Load (1.0ms)[0m  [1mSELECT "schema_migrations".* FROM "schema_migrations"[0m
Migrating to CreateGlobalKeys (20170414121201)
  [1m[35m (0.4ms)[0m  BEGIN
  [1m[36m (120.9ms)[0m  [1mCREATE TABLE "global_keys" ("id" serial primary key, "user_id" integer, "public_key" text, "created_at" timestamp NOT NULL, "updated_at" timestamp NOT NULL) [0m
  [1m[35m (45.9ms)[0m  CREATE  INDEX  "index_global_keys_on_user_id" ON "global_keys"  ("user_id")
  [1m[36mSQL (0.9ms)[0m  [1mINSERT INTO "schema_migrations" ("version") VALUES ($1)[0m  [["version", "20170414121201"]]
  [1m[35m (21.9ms)[0m  COMMIT
  [1m[36mActiveRecord::SchemaMigration Load (0.5ms)[0m  [1mSELECT "schema_migrations".* FROM "schema_migrations"[0m
  [1m[35m (10.0ms)[0m  SELECT t2.oid::regclass::text AS to_table, a1.attname AS column, a2.attname AS primary_key, c.conname AS name, c.confupdtype AS on_update, c.confdeltype AS on_delete
FROM pg_constraint c
JOIN pg_class t1 ON c.conrelid = t1.oid
JOIN pg_class t2 ON c.confrelid = t2.oid
JOIN pg_attribute a1 ON a1.attnum = c.conkey[1] AND a1.attrelid = t1.oid
JOIN pg_attribute a2 ON a2.attnum = c.confkey[1] AND a2.attrelid = t2.oid
JOIN pg_namespace t3 ON c.connamespace = t3.oid
WHERE c.contype = 'f'
  AND t1.relname = 'global_keys'
  AND t3.nspname = ANY (current_schemas(false))
ORDER BY c.conname

  [1m[36m (7.9ms)[0m  [1mSELECT t2.oid::regclass::text AS to_table, a1.attname AS column, a2.attname AS primary_key, c.conname AS name, c.confupdtype AS on_update, c.confdeltype AS on_delete
FROM pg_constraint c
JOIN pg_class t1 ON c.conrelid = t1.oid
JOIN pg_class t2 ON c.confrelid = t2.oid
JOIN pg_attribute a1 ON a1.attnum = c.conkey[1] AND a1.attrelid = t1.oid
JOIN pg_attribute a2 ON a2.attnum = c.confkey[1] AND a2.attrelid = t2.oid
JOIN pg_namespace t3 ON c.connamespace = t3.oid
WHERE c.contype = 'f'
  AND t1.relname = 'users'
  AND t3.nspname = ANY (current_schemas(false))
ORDER BY c.conname
[0m
  [1m[36mActiveRecord::SchemaMigration Load (1.0ms)[0m  [1mSELECT "schema_migrations".* FROM "schema_migrations"[0m
Migrating to CreateConversations (20170414121252)
  [1m[35m (0.4ms)[0m  BEGIN
  [1m[36m (97.7ms)[0m  [1mCREATE TABLE "conversations" ("id" serial primary key, "user_1" character varying, "user_2" character varying, "user_1_public" character varying, "user_2_public" character varying, "created_at" timestamp NOT NULL, "updated_at" timestamp NOT NULL) [0m
  [1m[35mSQL (0.5ms)[0m  INSERT INTO "schema_migrations" ("version") VALUES ($1)  [["version", "20170414121252"]]
  [1m[36m (23.0ms)[0m  [1mCOMMIT[0m
Migrating to CreateMessages (20170414121333)
  [1m[35m (0.4ms)[0m  BEGIN
  [1m[36m (103.3ms)[0m  [1mCREATE TABLE "messages" ("id" serial primary key, "conversation_id" integer, "content" character varying, "sender_id" character varying, "created_at" timestamp NOT NULL, "updated_at" timestamp NOT NULL) [0m
  [1m[35m (45.9ms)[0m  CREATE  INDEX  "index_messages_on_conversation_id" ON "messages"  ("conversation_id")
  [1m[36mSQL (0.7ms)[0m  [1mINSERT INTO "schema_migrations" ("version") VALUES ($1)[0m  [["version", "20170414121333"]]
  [1m[35m (17.5ms)[0m  COMMIT
  [1m[36mActiveRecord::SchemaMigration Load (0.9ms)[0m  [1mSELECT "schema_migrations".* FROM "schema_migrations"[0m
  [1m[35m (10.1ms)[0m  SELECT t2.oid::regclass::text AS to_table, a1.attname AS column, a2.attname AS primary_key, c.conname AS name, c.confupdtype AS on_update, c.confdeltype AS on_delete
FROM pg_constraint c
JOIN pg_class t1 ON c.conrelid = t1.oid
JOIN pg_class t2 ON c.confrelid = t2.oid
JOIN pg_attribute a1 ON a1.attnum = c.conkey[1] AND a1.attrelid = t1.oid
JOIN pg_attribute a2 ON a2.attnum = c.confkey[1] AND a2.attrelid = t2.oid
JOIN pg_namespace t3 ON c.connamespace = t3.oid
WHERE c.contype = 'f'
  AND t1.relname = 'conversations'
  AND t3.nspname = ANY (current_schemas(false))
ORDER BY c.conname

  [1m[36m (7.7ms)[0m  [1mSELECT t2.oid::regclass::text AS to_table, a1.attname AS column, a2.attname AS primary_key, c.conname AS name, c.confupdtype AS on_update, c.confdeltype AS on_delete
FROM pg_constraint c
JOIN pg_class t1 ON c.conrelid = t1.oid
JOIN pg_class t2 ON c.confrelid = t2.oid
JOIN pg_attribute a1 ON a1.attnum = c.conkey[1] AND a1.attrelid = t1.oid
JOIN pg_attribute a2 ON a2.attnum = c.confkey[1] AND a2.attrelid = t2.oid
JOIN pg_namespace t3 ON c.connamespace = t3.oid
WHERE c.contype = 'f'
  AND t1.relname = 'global_keys'
  AND t3.nspname = ANY (current_schemas(false))
ORDER BY c.conname
[0m
  [1m[35m (7.5ms)[0m  SELECT t2.oid::regclass::text AS to_table, a1.attname AS column, a2.attname AS primary_key, c.conname AS name, c.confupdtype AS on_update, c.confdeltype AS on_delete
FROM pg_constraint c
JOIN pg_class t1 ON c.conrelid = t1.oid
JOIN pg_class t2 ON c.confrelid = t2.oid
JOIN pg_attribute a1 ON a1.attnum = c.conkey[1] AND a1.attrelid = t1.oid
JOIN pg_attribute a2 ON a2.attnum = c.confkey[1] AND a2.attrelid = t2.oid
JOIN pg_namespace t3 ON c.connamespace = t3.oid
WHERE c.contype = 'f'
  AND t1.relname = 'messages'
  AND t3.nspname = ANY (current_schemas(false))
ORDER BY c.conname

  [1m[36m (7.2ms)[0m  [1mSELECT t2.oid::regclass::text AS to_table, a1.attname AS column, a2.attname AS primary_key, c.conname AS name, c.confupdtype AS on_update, c.confdeltype AS on_delete
FROM pg_constraint c
JOIN pg_class t1 ON c.conrelid = t1.oid
JOIN pg_class t2 ON c.confrelid = t2.oid
JOIN pg_attribute a1 ON a1.attnum = c.conkey[1] AND a1.attrelid = t1.oid
JOIN pg_attribute a2 ON a2.attnum = c.confkey[1] AND a2.attrelid = t2.oid
JOIN pg_namespace t3 ON c.connamespace = t3.oid
WHERE c.contype = 'f'
  AND t1.relname = 'users'
  AND t3.nspname = ANY (current_schemas(false))
ORDER BY c.conname
[0m
  [1m[36m (97.5ms)[0m  [1mCREATE TABLE "schema_migrations" ("version" character varying NOT NULL) [0m
  [1m[35m (83.7ms)[0m  CREATE UNIQUE INDEX  "unique_schema_migrations" ON "schema_migrations"  ("version")
  [1m[36mActiveRecord::SchemaMigration Load (1.6ms)[0m  [1mSELECT "schema_migrations".* FROM "schema_migrations"[0m
Migrating to DeviseCreateUsers (20170414121106)
  [1m[35m (0.3ms)[0m  BEGIN
  [1m[36m (108.4ms)[0m  [1mCREATE TABLE "users" ("id" serial primary key, "full_name" character varying, "email" character varying DEFAULT '' NOT NULL, "encrypted_password" character varying DEFAULT '' NOT NULL, "reset_password_token" character varying, "reset_password_sent_at" timestamp, "remember_created_at" timestamp, "sign_in_count" integer DEFAULT 0 NOT NULL, "current_sign_in_at" timestamp, "last_sign_in_at" timestamp, "current_sign_in_ip" inet, "last_sign_in_ip" inet, "jwt_token" text, "created_at" timestamp NOT NULL, "updated_at" timestamp NOT NULL) [0m
  [1m[35m (47.2ms)[0m  CREATE UNIQUE INDEX  "index_users_on_email" ON "users"  ("email")
  [1m[36m (62.2ms)[0m  [1mCREATE UNIQUE INDEX  "index_users_on_reset_password_token" ON "users"  ("reset_password_token")[0m
  [1m[35mSQL (0.5ms)[0m  INSERT INTO "schema_migrations" ("version") VALUES ($1)  [["version", "20170414121106"]]
  [1m[36m (11.2ms)[0m  [1mCOMMIT[0m
Migrating to CreateGlobalKeys (20170414121201)
  [1m[35m (0.7ms)[0m  BEGIN
  [1m[36m (96.3ms)[0m  [1mCREATE TABLE "global_keys" ("id" serial primary key, "user_id" integer, "public_key" text, "created_at" timestamp NOT NULL, "updated_at" timestamp NOT NULL) [0m
  [1m[35m (46.7ms)[0m  CREATE  INDEX  "index_global_keys_on_user_id" ON "global_keys"  ("user_id")
  [1m[36mSQL (0.5ms)[0m  [1mINSERT INTO "schema_migrations" ("version") VALUES ($1)[0m  [["version", "20170414121201"]]
  [1m[35m (24.7ms)[0m  COMMIT
Migrating to CreateConversations (20170414121252)
  [1m[36m (0.5ms)[0m  [1mBEGIN[0m
  [1m[35m (119.9ms)[0m  CREATE TABLE "conversations" ("id" serial primary key, "user_1" character varying, "user_2" character varying, "user_1_public" character varying, "user_2_public" character varying, "created_at" timestamp NOT NULL, "updated_at" timestamp NOT NULL) 
  [1m[36mSQL (0.6ms)[0m  [1mINSERT INTO "schema_migrations" ("version") VALUES ($1)[0m  [["version", "20170414121252"]]
  [1m[35m (23.6ms)[0m  COMMIT
Migrating to CreateMessages (20170414121333)
  [1m[36m (0.6ms)[0m  [1mBEGIN[0m
  [1m[35m (120.6ms)[0m  CREATE TABLE "messages" ("id" serial primary key, "conversation_id" integer, "content" character varying, "sender_id" character varying, "created_at" timestamp NOT NULL, "updated_at" timestamp NOT NULL) 
  [1m[36m (47.3ms)[0m  [1mCREATE  INDEX  "index_messages_on_conversation_id" ON "messages"  ("conversation_id")[0m
  [1m[35mSQL (0.6ms)[0m  INSERT INTO "schema_migrations" ("version") VALUES ($1)  [["version", "20170414121333"]]
  [1m[36m (22.8ms)[0m  [1mCOMMIT[0m
  [1m[35mActiveRecord::SchemaMigration Load (1.0ms)[0m  SELECT "schema_migrations".* FROM "schema_migrations"
  [1m[36m (9.2ms)[0m  [1mSELECT t2.oid::regclass::text AS to_table, a1.attname AS column, a2.attname AS primary_key, c.conname AS name, c.confupdtype AS on_update, c.confdeltype AS on_delete
FROM pg_constraint c
JOIN pg_class t1 ON c.conrelid = t1.oid
JOIN pg_class t2 ON c.confrelid = t2.oid
JOIN pg_attribute a1 ON a1.attnum = c.conkey[1] AND a1.attrelid = t1.oid
JOIN pg_attribute a2 ON a2.attnum = c.confkey[1] AND a2.attrelid = t2.oid
JOIN pg_namespace t3 ON c.connamespace = t3.oid
WHERE c.contype = 'f'
  AND t1.relname = 'conversations'
  AND t3.nspname = ANY (current_schemas(false))
ORDER BY c.conname
[0m
  [1m[35m (7.7ms)[0m  SELECT t2.oid::regclass::text AS to_table, a1.attname AS column, a2.attname AS primary_key, c.conname AS name, c.confupdtype AS on_update, c.confdeltype AS on_delete
FROM pg_constraint c
JOIN pg_class t1 ON c.conrelid = t1.oid
JOIN pg_class t2 ON c.confrelid = t2.oid
JOIN pg_attribute a1 ON a1.attnum = c.conkey[1] AND a1.attrelid = t1.oid
JOIN pg_attribute a2 ON a2.attnum = c.confkey[1] AND a2.attrelid = t2.oid
JOIN pg_namespace t3 ON c.connamespace = t3.oid
WHERE c.contype = 'f'
  AND t1.relname = 'global_keys'
  AND t3.nspname = ANY (current_schemas(false))
ORDER BY c.conname

  [1m[36m (7.1ms)[0m  [1mSELECT t2.oid::regclass::text AS to_table, a1.attname AS column, a2.attname AS primary_key, c.conname AS name, c.confupdtype AS on_update, c.confdeltype AS on_delete
FROM pg_constraint c
JOIN pg_class t1 ON c.conrelid = t1.oid
JOIN pg_class t2 ON c.confrelid = t2.oid
JOIN pg_attribute a1 ON a1.attnum = c.conkey[1] AND a1.attrelid = t1.oid
JOIN pg_attribute a2 ON a2.attnum = c.confkey[1] AND a2.attrelid = t2.oid
JOIN pg_namespace t3 ON c.connamespace = t3.oid
WHERE c.contype = 'f'
  AND t1.relname = 'messages'
  AND t3.nspname = ANY (current_schemas(false))
ORDER BY c.conname
[0m
  [1m[35m (7.0ms)[0m  SELECT t2.oid::regclass::text AS to_table, a1.attname AS column, a2.attname AS primary_key, c.conname AS name, c.confupdtype AS on_update, c.confdeltype AS on_delete
FROM pg_constraint c
JOIN pg_class t1 ON c.conrelid = t1.oid
JOIN pg_class t2 ON c.confrelid = t2.oid
JOIN pg_attribute a1 ON a1.attnum = c.conkey[1] AND a1.attrelid = t1.oid
JOIN pg_attribute a2 ON a2.attnum = c.confkey[1] AND a2.attrelid = t2.oid
JOIN pg_namespace t3 ON c.connamespace = t3.oid
WHERE c.contype = 'f'
  AND t1.relname = 'users'
  AND t3.nspname = ANY (current_schemas(false))
ORDER BY c.conname

